c:\users\delta\documents\github\pmc_vision_dllexport\pmc_vision\pmcdelta_recognitionc++\x64\debug\vc120.pdb
c:\users\delta\documents\github\pmc_vision_dllexport\pmc_vision\pmcdelta_recognitionc++\x64\debug\vc120.idb
c:\users\delta\documents\github\pmc_vision_dllexport\pmc_vision\pmcdelta_recognitionc++\x64\debug\binarization.obj
c:\users\delta\documents\github\pmc_vision_dllexport\pmc_vision\pmcdelta_recognitionc++\x64\debug\centerorientation.obj
c:\users\delta\documents\github\pmc_vision_dllexport\pmc_vision\pmcdelta_recognitionc++\x64\debug\recognition.obj
c:\users\delta\documents\github\pmc_vision_dllexport\pmc_vision\pmcdelta_recognitionc++\x64\debug\segmentation.obj
c:\users\delta\documents\github\pmc_vision_dllexport\pmc_vision\pmcdelta_recognitionc++\x64\debug\utility.obj
c:\users\delta\documents\github\pmc_vision_dllexport\pmc_vision\pmcdelta_recognitionc++\x64\debug\main.obj
c:\users\delta\documents\github\pmc_vision_dllexport\pmc_vision\x64\debug\pmcdelta_recognitionc++.ilk
c:\users\delta\documents\github\pmc_vision_dllexport\pmc_vision\x64\debug\pmcdelta_recognitionc++.dll
c:\users\delta\documents\github\pmc_vision_dllexport\pmc_vision\x64\debug\pmcdelta_recognitionc++.pdb
c:\users\delta\documents\github\pmc_vision_dllexport\pmc_vision\x64\debug\pmcdelta_recognitionc++.lib
c:\users\delta\documents\github\pmc_vision_dllexport\pmc_vision\x64\debug\pmcdelta_recognitionc++.exp
c:\users\delta\documents\github\pmc_vision_dllexport\pmc_vision\pmcdelta_recognitionc++\x64\debug\pmcdelta.f9053aec.tlog\cl.command.1.tlog
c:\users\delta\documents\github\pmc_vision_dllexport\pmc_vision\pmcdelta_recognitionc++\x64\debug\pmcdelta.f9053aec.tlog\cl.read.1.tlog
c:\users\delta\documents\github\pmc_vision_dllexport\pmc_vision\pmcdelta_recognitionc++\x64\debug\pmcdelta.f9053aec.tlog\cl.write.1.tlog
c:\users\delta\documents\github\pmc_vision_dllexport\pmc_vision\pmcdelta_recognitionc++\x64\debug\pmcdelta.f9053aec.tlog\link.command.1.tlog
c:\users\delta\documents\github\pmc_vision_dllexport\pmc_vision\pmcdelta_recognitionc++\x64\debug\pmcdelta.f9053aec.tlog\link.read.1.tlog
c:\users\delta\documents\github\pmc_vision_dllexport\pmc_vision\pmcdelta_recognitionc++\x64\debug\pmcdelta.f9053aec.tlog\link.write.1.tlog
c:\users\delta\documents\github\pmc_vision_dllexport\pmc_vision\pmcdelta_recognitionc++\x64\debug\pmcdelta.f9053aec.tlog\pmcdelta_recognitionc++.write.1u.tlog
