Build started 2015/6/24 上午 01:34:52.
     1>Project "C:\Users\Fred\Dropbox\PMC Delta\PMCDelta_recognitionC++\PMCDelta_recognitionC++\PMCDelta_recognitionC++.vcxproj" on node 2 (Build target(s)).
     1>ClCompile:
         C:\Program Files (x86)\Microsoft Visual Studio 12.0\VC\bin\CL.exe /c /IC:\opencv\build\x64\vc12\..\..\include /Zi /nologo /W3 /WX- /sdl /O2 /Oi /Oy- /GL /D WIN32 /D NDEBUG /D _CONSOLE /D _LIB /D _UNICODE /D UNICODE /Gm- /EHsc /MD /GS /Gy /fp:precise /Zc:wchar_t /Zc:forScope /Fo"Release\\" /Fd"Release\vc120.pdb" /Gd /TP /analyze- /errorReport:prompt Binarization.cpp CenterOrientation.cpp main.cpp Segmentation.cpp Utility.cpp
         Binarization.cpp
     1>C:\opencv\build\include\opencv2/core/mat.hpp(1413): warning C4819: The file contains a character that cannot be represented in the current code page (950). Save the file in Unicode format to prevent data loss
         CenterOrientation.cpp
     1>C:\opencv\build\include\opencv2/core/mat.hpp(1413): warning C4819: The file contains a character that cannot be represented in the current code page (950). Save the file in Unicode format to prevent data loss
     1>CenterOrientation.cpp(15): warning C4018: '<' : signed/unsigned mismatch
     1>CenterOrientation.cpp(60): warning C4244: 'argument' : conversion from 'double' to 'int', possible loss of data
     1>CenterOrientation.cpp(76): warning C4244: 'argument' : conversion from 'double' to 'int', possible loss of data
     1>CenterOrientation.cpp(77): warning C4244: 'argument' : conversion from 'double' to 'int', possible loss of data
     1>CenterOrientation.cpp(89): warning C4018: '<' : signed/unsigned mismatch
     1>CenterOrientation.cpp(90): warning C4244: 'argument' : conversion from 'int' to 'float', possible loss of data
     1>CenterOrientation.cpp(95): warning C4244: 'initializing' : conversion from 'float' to 'int', possible loss of data
     1>CenterOrientation.cpp(96): warning C4244: 'initializing' : conversion from 'float' to 'int', possible loss of data
     1>CenterOrientation.cpp(98): warning C4244: 'argument' : conversion from 'float' to 'int', possible loss of data
     1>CenterOrientation.cpp(101): warning C4244: 'argument' : conversion from 'float' to 'int', possible loss of data
     1>CenterOrientation.cpp(103): warning C4244: 'argument' : conversion from 'float' to 'int', possible loss of data
     1>CenterOrientation.cpp(109): warning C4244: 'argument' : conversion from 'int' to 'float', possible loss of data
         main.cpp
     1>C:\opencv\build\include\opencv2/core/mat.hpp(1413): warning C4819: The file contains a character that cannot be represented in the current code page (950). Save the file in Unicode format to prevent data loss
     1>main.cpp(46): warning C4018: '<' : signed/unsigned mismatch
         Segmentation.cpp
     1>C:\opencv\build\include\opencv2/core/mat.hpp(1413): warning C4819: The file contains a character that cannot be represented in the current code page (950). Save the file in Unicode format to prevent data loss
     1>Segmentation.cpp(14): warning C4018: '<' : signed/unsigned mismatch
     1>Segmentation.cpp(17): warning C4018: '<' : signed/unsigned mismatch
     1>Segmentation.cpp(32): warning C4018: '<' : signed/unsigned mismatch
         Utility.cpp
     1>C:\opencv\build\include\opencv2/core/mat.hpp(1413): warning C4819: The file contains a character that cannot be represented in the current code page (950). Save the file in Unicode format to prevent data loss
       Link:
         C:\Program Files (x86)\Microsoft Visual Studio 12.0\VC\bin\link.exe /ERRORREPORT:PROMPT /OUT:"C:\Users\Fred\Dropbox\PMC Delta\PMCDelta_recognitionC++\Release\PMCDelta_recognitionC++.exe" /INCREMENTAL:NO /NOLOGO /LIBPATH:C:\opencv\build\x64\vc12\lib opencv_ts300.lib opencv_world300.lib kernel32.lib user32.lib gdi32.lib winspool.lib comdlg32.lib advapi32.lib shell32.lib ole32.lib oleaut32.lib uuid.lib odbc32.lib odbccp32.lib /MANIFEST /MANIFESTUAC:"level='asInvoker' uiAccess='false'" /manifest:embed /DEBUG /PDB:"C:\Users\Fred\Dropbox\PMC Delta\PMCDelta_recognitionC++\Release\PMCDelta_recognitionC++.pdb" /SUBSYSTEM:CONSOLE /OPT:REF /OPT:ICF /LTCG /TLBID:1 /DYNAMICBASE /NXCOMPAT /IMPLIB:"C:\Users\Fred\Dropbox\PMC Delta\PMCDelta_recognitionC++\Release\PMCDelta_recognitionC++.lib" /MACHINE:X86 /SAFESEH Release\Binarization.obj
         Release\CenterOrientation.obj
         Release\main.obj
         Release\Segmentation.obj
         Release\Utility.obj
     1>opencv_world300.lib(opencv_world300.dll) : fatal error LNK1112: module machine type 'x64' conflicts with target machine type 'X86'
     1>Done Building Project "C:\Users\Fred\Dropbox\PMC Delta\PMCDelta_recognitionC++\PMCDelta_recognitionC++\PMCDelta_recognitionC++.vcxproj" (Build target(s)) -- FAILED.

Build FAILED.

Time Elapsed 00:00:19.37
